0 info it worked if it ends with ok
1 verbose cli [ 'E:\\nodejs\\node.exe',
1 verbose cli   'E:\\nodejs\\node_modules\\npm\\bin\\npm-cli.js',
1 verbose cli   'run-script',
1 verbose cli   'test' ]
2 info using npm@3.10.8
3 info using node@v6.9.1
4 verbose run-script [ 'pretest', 'test', 'posttest' ]
5 info lifecycle generator-angular4.0@0.1.0~pretest: generator-angular4.0@0.1.0
6 silly lifecycle generator-angular4.0@0.1.0~pretest: no script for pretest, continuing
7 info lifecycle generator-angular4.0@0.1.0~test: generator-angular4.0@0.1.0
8 verbose lifecycle generator-angular4.0@0.1.0~test: unsafe-perm in lifecycle true
9 verbose lifecycle generator-angular4.0@0.1.0~test: PATH: E:\nodejs\node_modules\npm\bin\node-gyp-bin;E:\generator-angular4.0\node_modules\.bin;E:\java7\jdk\bin;E:\java7\jre7\bin;D:\java\apache-maven-3.3.9\bin;C:\Program Files (x86)\Intel\iCLS Client\;C:\Program Files\Intel\iCLS Client;C:\Windows\system32;C:\Windows;E:\nodejs\;D:\Program Files\TortoiseSVN\bin;D:\Program Files\Git\cmd;C:\Ruby23-x64\bin;F:\Ruby23\bin;D:\Program Files (x86)\SSH Communications Security\SSH Secure Shell;D:\Program Files\Git\bin;D:\Program Files\Git\libexec\git-core;E:\java7\jdk\bin;E:\java7\jdk\jre\bin;D:\java\apache-maven-3.3.9\bin;C:\Users\youy\AppData\Roaming\npm;D:\Program Files\Heroku\bin;D:\Program Files\postgreSQL\bin;
10 verbose lifecycle generator-angular4.0@0.1.0~test: CWD: E:\generator-angular4.0
11 silly lifecycle generator-angular4.0@0.1.0~test: Args: [ '/d /s /c', 'test' ]
12 silly lifecycle generator-angular4.0@0.1.0~test: Returned: code: 1  signal: null
13 info lifecycle generator-angular4.0@0.1.0~test: Failed to exec test script
14 verbose stack Error: generator-angular4.0@0.1.0 test: `test`
14 verbose stack Exit status 1
14 verbose stack     at EventEmitter.<anonymous> (E:\nodejs\node_modules\npm\lib\utils\lifecycle.js:255:16)
14 verbose stack     at emitTwo (events.js:106:13)
14 verbose stack     at EventEmitter.emit (events.js:191:7)
14 verbose stack     at ChildProcess.<anonymous> (E:\nodejs\node_modules\npm\lib\utils\spawn.js:40:14)
14 verbose stack     at emitTwo (events.js:106:13)
14 verbose stack     at ChildProcess.emit (events.js:191:7)
14 verbose stack     at maybeClose (internal/child_process.js:877:16)
14 verbose stack     at Process.ChildProcess._handle.onexit (internal/child_process.js:226:5)
15 verbose pkgid generator-angular4.0@0.1.0
16 verbose cwd E:\generator-angular4.0
17 error Windows_NT 6.1.7601
18 error argv "E:\\nodejs\\node.exe" "E:\\nodejs\\node_modules\\npm\\bin\\npm-cli.js" "run-script" "test"
19 error node v6.9.1
20 error npm  v3.10.8
21 error code ELIFECYCLE
22 error generator-angular4.0@0.1.0 test: `test`
22 error Exit status 1
23 error Failed at the generator-angular4.0@0.1.0 test script 'test'.
23 error Make sure you have the latest version of node.js and npm installed.
23 error If you do, this is most likely a problem with the generator-angular4.0 package,
23 error not with npm itself.
23 error Tell the author that this fails on your system:
23 error     test
23 error You can get information on how to open an issue for this project with:
23 error     npm bugs generator-angular4.0
23 error Or if that isn't available, you can get their info via:
23 error     npm owner ls generator-angular4.0
23 error There is likely additional logging output above.
24 verbose exit [ 1, true ]
